<?xml version="1.0" encoding="UTF-8"?>
<testsuite xmlns:xsi="http://www.w3.org/2001/XMLSchema-instance" xsi:noNamespaceSchemaLocation="https://maven.apache.org/surefire/maven-surefire-plugin/xsd/surefire-test-report.xsd" version="3.0.2" name="it.unipd.mtss.IntegerToRomanTest" time="0.115" tests="2" errors="0" skipped="0" failures="0">
  <properties>
[...]
</properties>
  <testcase name="test_IllegalArgumentException" classname="it.unipd.mtss.IntegerToRomanTest" time="0.065"/>
  <testcase name="testMethod_Convert" classname="it.unipd.mtss.IntegerToRomanTest" time="0.004"/>
</testsuite>